<?xml version="1.0" encoding="UTF-8"?>
<!-- Generated by org.testng.reporters.JUnitXMLReporter -->
<testsuite hostname="L005517" ignored="0" name="Default test" tests="4" failures="0" timestamp="10 Apr 2018 02:20:42 GMT" time="16.61" errors="0">
  <testcase name="loginTest" time="4.526" classname="com.sfbay.apitest.SearchSaveAPITest"/>
  <testcase name="searchTest" time="2.485" classname="com.sfbay.apitest.SearchSaveAPITest"/>
  <testcase name="searchFilterTest" time="3.174" classname="com.sfbay.apitest.SearchSaveAPITest"/>
  <testcase name="searchSaveTest" time="6.357" classname="com.sfbay.apitest.SearchSaveAPITest"/>
</testsuite> <!-- Default test -->
