<?xml version="1.0" encoding="UTF-8"?>
<!-- Generated by org.testng.reporters.JUnitXMLReporter -->
<testsuite hostname="L005517" ignored="0" name="MytestCase" tests="16" failures="0" timestamp="05 Jul 2018 12:54:03 GMT" time="55.898" errors="0">
  <testcase name="loginTest" time="4.359" classname="com.sfbay.apitest.SearchSaveAPITest"/>
  <testcase name="searchTest" time="2.088" classname="com.sfbay.apitest.SearchSaveAPITest"/>
  <testcase name="searchFilterTest" time="2.486" classname="com.sfbay.apitest.SearchSaveAPITest"/>
  <testcase name="searchSaveTest" time="6.016" classname="com.sfbay.apitest.SearchSaveAPITest"/>
  <testcase name="loginPageDisplayTest" time="2.616" classname="com.sfbay.uitest.SearchResultTest"/>
  <testcase name="loginPageFunctionTest" time="2.665" classname="com.sfbay.uitest.SearchResultTest"/>
  <testcase name="searchResultTest" time="2.504" classname="com.sfbay.uitest.SearchResultTest"/>
  <testcase name="searchDeleteTest" time="0.923" classname="com.sfbay.uitest.SearchResultTest"/>
  <testcase name="logout" time="0.781" classname="com.sfbay.uitest.SearchResultTest"/>
  <testcase name="loginTestNegative" time="1.704" classname="com.sfbay.apitest.SearchSaveAPINegativeTest"/>
  <testcase name="searchTestNegative" time="1.543" classname="com.sfbay.apitest.SearchSaveAPINegativeTest"/>
  <testcase name="searchFilterTestNegative" time="0.001" classname="com.sfbay.apitest.SearchSaveAPINegativeTest"/>
  <testcase name="searchSaveTestNegative" time="5.528" classname="com.sfbay.apitest.SearchSaveAPINegativeTest"/>
  <testcase name="loginNegativeTest1" time="0.944" classname="com.sfbay.uitest.LoginNegativeTest"/>
  <testcase name="loginNegativeTest2" time="0.992" classname="com.sfbay.uitest.LoginNegativeTest"/>
  <testcase name="loginNegativeTest3" time="0.868" classname="com.sfbay.uitest.LoginNegativeTest"/>
</testsuite> <!-- MytestCase -->
