<?xml version="1.0" encoding="UTF-8"?>
<!-- Generated by org.testng.reporters.JUnitXMLReporter -->
<testsuite hostname="L005517" ignored="0" name="Test" tests="8" failures="1" timestamp="29 Mar 2018 06:00:28 GMT" time="32.867" errors="0">
  <testcase name="loginTest" time="4.301" classname="com.sfbay.apitest.SearchTestAPI"/>
  <testcase name="loginPageDisplayTest" time="2.862" classname="com.sfbay.uitest.SearchResultTest"/>
  <testcase name="searchTest" time="4.507" classname="com.sfbay.apitest.SearchTestAPI"/>
  <testcase name="loginPageFunctionTest" time="3.129" classname="com.sfbay.uitest.SearchResultTest"/>
  <testcase name="searchSaveTest" time="3.3" classname="com.sfbay.apitest.SearchTestAPI">
    <failure type="junit.framework.AssertionFailedError" message="expected:&amp;lt;302&amp;gt; but was:&amp;lt;200&amp;gt;">
      <![CDATA[junit.framework.AssertionFailedError: expected:<302> but was:<200>
	at junit.framework.Assert.fail(Assert.java:47)
	at junit.framework.Assert.failNotEquals(Assert.java:282)
	at junit.framework.Assert.assertEquals(Assert.java:64)
	at junit.framework.Assert.assertEquals(Assert.java:201)
	at junit.framework.Assert.assertEquals(Assert.java:207)
	at com.sfbay.api.ServicesAPI.searchSaveService(ServicesAPI.java:126)
	at com.sfbay.apitest.SearchTestAPI.searchSaveTest(SearchTestAPI.java:58)
... Removed 25 stack frames]]>
    </failure>
  </testcase> <!-- searchSaveTest -->
  <testcase name="searchResultTest" time="2.752" classname="com.sfbay.uitest.SearchResultTest"/>
  <testcase name="searchDeleteTest" time="0.842" classname="com.sfbay.uitest.SearchResultTest"/>
  <testcase name="logout" time="0.798" classname="com.sfbay.uitest.SearchResultTest"/>
</testsuite> <!-- Test -->
