<?xml version="1.0" encoding="UTF-8"?>
<testsuite xmlns:xsi="http://www.w3.org/2001/XMLSchema-instance" xsi:noNamespaceSchemaLocation="https://maven.apache.org/surefire/maven-surefire-plugin/xsd/surefire-test-report.xsd" name="TestSuite" time="57.459" tests="16" errors="0" skipped="0" failures="0">
  <properties>
[...]
</properties>
  <testcase name="loginTest" classname="com.sfbay.apitest.SearchSaveAPITest" time="4.359"/>
  <testcase name="searchTest" classname="com.sfbay.apitest.SearchSaveAPITest" time="2.086"/>
  <testcase name="searchFilterTest" classname="com.sfbay.apitest.SearchSaveAPITest" time="2.634"/>
  <testcase name="searchSaveTest" classname="com.sfbay.apitest.SearchSaveAPITest" time="5.863"/>
  <testcase name="loginPageDisplayTest" classname="com.sfbay.uitest.SearchResultTest" time="2.618"/>
  <testcase name="loginPageFunctionTest" classname="com.sfbay.uitest.SearchResultTest" time="2.663"/>
  <testcase name="searchResultTest" classname="com.sfbay.uitest.SearchResultTest" time="2.503"/>
  <testcase name="searchDeleteTest" classname="com.sfbay.uitest.SearchResultTest" time="0.923"/>
  <testcase name="logout" classname="com.sfbay.uitest.SearchResultTest" time="0.781"/>
  <testcase name="loginTestNegative" classname="com.sfbay.apitest.SearchSaveAPINegativeTest" time="1.705"/>
  <testcase name="searchTestNegative" classname="com.sfbay.apitest.SearchSaveAPINegativeTest" time="1.543"/>
  <testcase name="searchFilterTestNegative" classname="com.sfbay.apitest.SearchSaveAPINegativeTest" time="0"/>
  <testcase name="searchSaveTestNegative" classname="com.sfbay.apitest.SearchSaveAPINegativeTest" time="5.528"/>
  <testcase name="loginNegativeTest1" classname="com.sfbay.uitest.LoginNegativeTest" time="0.943"/>
  <testcase name="loginNegativeTest2" classname="com.sfbay.uitest.LoginNegativeTest" time="0.993"/>
  <testcase name="loginNegativeTest3" classname="com.sfbay.uitest.LoginNegativeTest" time="0.865"/>
</testsuite>