<?xml version="1.0" encoding="UTF-8"?>
<testng-results skipped="0" failed="0" ignored="0" total="16" passed="16">
  <reporter-output>
  </reporter-output>
  <suite name="testSuite" duration-ms="55898" started-at="2018-07-05T12:53:07Z" finished-at="2018-07-05T12:54:03Z">
    <groups>
    </groups>
    <test name="MytestCase" duration-ms="55898" started-at="2018-07-05T12:53:07Z" finished-at="2018-07-05T12:54:03Z">
      <class name="com.sfbay.apitest.SearchSaveAPITest">
        <test-method status="PASS" signature="Init()[pri:0, instance:com.sfbay.apitest.SearchSaveAPITest@4c70fda8]" name="Init" is-config="true" duration-ms="16" started-at="2018-07-05T18:23:07Z" finished-at="2018-07-05T18:23:07Z">
          <reporter-output>
          </reporter-output>
        </test-method> <!-- Init -->
        <test-method status="PASS" signature="loginTest()[pri:0, instance:com.sfbay.apitest.SearchSaveAPITest@4c70fda8]" name="loginTest" duration-ms="4359" started-at="2018-07-05T18:23:07Z" finished-at="2018-07-05T18:23:12Z">
          <reporter-output>
          </reporter-output>
        </test-method> <!-- loginTest -->
        <test-method status="PASS" signature="searchTest()[pri:0, instance:com.sfbay.apitest.SearchSaveAPITest@4c70fda8]" name="searchTest" duration-ms="2088" started-at="2018-07-05T18:23:12Z" finished-at="2018-07-05T18:23:14Z">
          <reporter-output>
          </reporter-output>
        </test-method> <!-- searchTest -->
        <test-method status="PASS" signature="searchFilterTest()[pri:0, instance:com.sfbay.apitest.SearchSaveAPITest@4c70fda8]" name="searchFilterTest" duration-ms="2486" started-at="2018-07-05T18:23:14Z" finished-at="2018-07-05T18:23:16Z">
          <reporter-output>
          </reporter-output>
        </test-method> <!-- searchFilterTest -->
        <test-method status="PASS" signature="searchSaveTest()[pri:0, instance:com.sfbay.apitest.SearchSaveAPITest@4c70fda8]" name="searchSaveTest" duration-ms="6016" started-at="2018-07-05T18:23:16Z" finished-at="2018-07-05T18:23:22Z">
          <reporter-output>
          </reporter-output>
        </test-method> <!-- searchSaveTest -->
      </class> <!-- com.sfbay.apitest.SearchSaveAPITest -->
      <class name="com.sfbay.apitest.SearchSaveAPINegativeTest">
        <test-method status="PASS" signature="Init()[pri:0, instance:com.sfbay.apitest.SearchSaveAPINegativeTest@14acaea5]" name="Init" is-config="true" duration-ms="2" started-at="2018-07-05T18:23:41Z" finished-at="2018-07-05T18:23:41Z">
          <reporter-output>
          </reporter-output>
        </test-method> <!-- Init -->
        <test-method status="PASS" signature="loginTestNegative()[pri:0, instance:com.sfbay.apitest.SearchSaveAPINegativeTest@14acaea5]" name="loginTestNegative" duration-ms="1704" started-at="2018-07-05T18:23:41Z" finished-at="2018-07-05T18:23:42Z">
          <reporter-output>
          </reporter-output>
        </test-method> <!-- loginTestNegative -->
        <test-method status="PASS" signature="searchTestNegative()[pri:0, instance:com.sfbay.apitest.SearchSaveAPINegativeTest@14acaea5]" name="searchTestNegative" duration-ms="1543" started-at="2018-07-05T18:23:42Z" finished-at="2018-07-05T18:23:44Z">
          <reporter-output>
          </reporter-output>
        </test-method> <!-- searchTestNegative -->
        <test-method status="PASS" signature="searchFilterTestNegative()[pri:0, instance:com.sfbay.apitest.SearchSaveAPINegativeTest@14acaea5]" name="searchFilterTestNegative" duration-ms="1" started-at="2018-07-05T18:23:44Z" finished-at="2018-07-05T18:23:44Z">
          <reporter-output>
          </reporter-output>
        </test-method> <!-- searchFilterTestNegative -->
        <test-method status="PASS" signature="searchSaveTestNegative()[pri:0, instance:com.sfbay.apitest.SearchSaveAPINegativeTest@14acaea5]" name="searchSaveTestNegative" duration-ms="5528" started-at="2018-07-05T18:23:44Z" finished-at="2018-07-05T18:23:49Z">
          <reporter-output>
          </reporter-output>
        </test-method> <!-- searchSaveTestNegative -->
      </class> <!-- com.sfbay.apitest.SearchSaveAPINegativeTest -->
      <class name="com.sfbay.uitest.LoginNegativeTest">
        <test-method status="PASS" signature="setUp()[pri:0, instance:com.sfbay.uitest.LoginNegativeTest@46d56d67]" name="setUp" is-config="true" duration-ms="7205" started-at="2018-07-05T18:23:49Z" finished-at="2018-07-05T18:23:57Z">
          <reporter-output>
          </reporter-output>
        </test-method> <!-- setUp -->
        <test-method status="PASS" signature="loginPage()[pri:0, instance:com.sfbay.uitest.LoginNegativeTest@46d56d67]" name="loginPage" is-config="true" duration-ms="2240" started-at="2018-07-05T18:23:57Z" finished-at="2018-07-05T18:23:59Z">
          <reporter-output>
          </reporter-output>
        </test-method> <!-- loginPage -->
        <test-method status="PASS" signature="loginNegativeTest1()[pri:0, instance:com.sfbay.uitest.LoginNegativeTest@46d56d67]" name="loginNegativeTest1" duration-ms="944" started-at="2018-07-05T18:23:59Z" finished-at="2018-07-05T18:24:00Z">
          <reporter-output>
          </reporter-output>
        </test-method> <!-- loginNegativeTest1 -->
        <test-method status="PASS" signature="loginPage()[pri:0, instance:com.sfbay.uitest.LoginNegativeTest@46d56d67]" name="loginPage" is-config="true" duration-ms="378" started-at="2018-07-05T18:24:00Z" finished-at="2018-07-05T18:24:00Z">
          <reporter-output>
          </reporter-output>
        </test-method> <!-- loginPage -->
        <test-method status="PASS" signature="loginNegativeTest2()[pri:0, instance:com.sfbay.uitest.LoginNegativeTest@46d56d67]" name="loginNegativeTest2" duration-ms="992" started-at="2018-07-05T18:24:00Z" finished-at="2018-07-05T18:24:01Z">
          <reporter-output>
          </reporter-output>
        </test-method> <!-- loginNegativeTest2 -->
        <test-method status="PASS" signature="loginPage()[pri:0, instance:com.sfbay.uitest.LoginNegativeTest@46d56d67]" name="loginPage" is-config="true" duration-ms="386" started-at="2018-07-05T18:24:01Z" finished-at="2018-07-05T18:24:02Z">
          <reporter-output>
          </reporter-output>
        </test-method> <!-- loginPage -->
        <test-method status="PASS" signature="loginNegativeTest3()[pri:0, instance:com.sfbay.uitest.LoginNegativeTest@46d56d67]" name="loginNegativeTest3" duration-ms="868" started-at="2018-07-05T18:24:02Z" finished-at="2018-07-05T18:24:02Z">
          <reporter-output>
          </reporter-output>
        </test-method> <!-- loginNegativeTest3 -->
        <test-method status="PASS" signature="tearDown()[pri:0, instance:com.sfbay.uitest.LoginNegativeTest@46d56d67]" name="tearDown" is-config="true" duration-ms="723" started-at="2018-07-05T18:24:02Z" finished-at="2018-07-05T18:24:03Z">
          <reporter-output>
          </reporter-output>
        </test-method> <!-- tearDown -->
      </class> <!-- com.sfbay.uitest.LoginNegativeTest -->
      <class name="com.sfbay.uitest.SearchResultTest">
        <test-method status="PASS" signature="setUp()[pri:0, instance:com.sfbay.uitest.SearchResultTest@224edc67]" name="setUp" is-config="true" duration-ms="8173" started-at="2018-07-05T18:23:22Z" finished-at="2018-07-05T18:23:30Z">
          <reporter-output>
          </reporter-output>
        </test-method> <!-- setUp -->
        <test-method status="PASS" signature="loginPageDisplayTest()[pri:0, instance:com.sfbay.uitest.SearchResultTest@224edc67]" name="loginPageDisplayTest" duration-ms="2616" started-at="2018-07-05T18:23:30Z" finished-at="2018-07-05T18:23:33Z">
          <reporter-output>
          </reporter-output>
        </test-method> <!-- loginPageDisplayTest -->
        <test-method status="PASS" signature="loginPageFunctionTest()[pri:0, instance:com.sfbay.uitest.SearchResultTest@224edc67]" name="loginPageFunctionTest" duration-ms="2665" started-at="2018-07-05T18:23:33Z" finished-at="2018-07-05T18:23:36Z">
          <reporter-output>
          </reporter-output>
        </test-method> <!-- loginPageFunctionTest -->
        <test-method status="PASS" signature="searchResultTest()[pri:0, instance:com.sfbay.uitest.SearchResultTest@224edc67]" name="searchResultTest" duration-ms="2504" started-at="2018-07-05T18:23:36Z" finished-at="2018-07-05T18:23:38Z">
          <reporter-output>
          </reporter-output>
        </test-method> <!-- searchResultTest -->
        <test-method status="PASS" signature="searchDeleteTest()[pri:0, instance:com.sfbay.uitest.SearchResultTest@224edc67]" name="searchDeleteTest" duration-ms="923" started-at="2018-07-05T18:23:38Z" finished-at="2018-07-05T18:23:39Z">
          <reporter-output>
          </reporter-output>
        </test-method> <!-- searchDeleteTest -->
        <test-method status="PASS" signature="logout()[pri:0, instance:com.sfbay.uitest.SearchResultTest@224edc67]" name="logout" duration-ms="781" started-at="2018-07-05T18:23:39Z" finished-at="2018-07-05T18:23:40Z">
          <reporter-output>
          </reporter-output>
        </test-method> <!-- logout -->
        <test-method status="PASS" signature="tearDown()[pri:0, instance:com.sfbay.uitest.SearchResultTest@224edc67]" name="tearDown" is-config="true" duration-ms="714" started-at="2018-07-05T18:23:40Z" finished-at="2018-07-05T18:23:41Z">
          <reporter-output>
          </reporter-output>
        </test-method> <!-- tearDown -->
      </class> <!-- com.sfbay.uitest.SearchResultTest -->
    </test> <!-- MytestCase -->
  </suite> <!-- testSuite -->
</testng-results>
