<?xml version="1.0" encoding="UTF-8"?>
<!-- Generated by org.testng.reporters.JUnitXMLReporter -->
<testsuite hostname="L005517" ignored="0" name="MytestCase" tests="16" failures="0" timestamp="10 Apr 2018 17:26:09 GMT" time="79.48" errors="0">
  <testcase name="loginTest" time="4.175" classname="com.sfbay.apitest.SearchSaveAPITest"/>
  <testcase name="searchTest" time="2.629" classname="com.sfbay.apitest.SearchSaveAPITest"/>
  <testcase name="searchFilterTest" time="2.589" classname="com.sfbay.apitest.SearchSaveAPITest"/>
  <testcase name="searchSaveTest" time="6.708" classname="com.sfbay.apitest.SearchSaveAPITest"/>
  <testcase name="loginPageDisplayTest" time="5.805" classname="com.sfbay.uitest.SearchResultTest"/>
  <testcase name="loginPageFunctionTest" time="4.685" classname="com.sfbay.uitest.SearchResultTest"/>
  <testcase name="searchResultTest" time="3.048" classname="com.sfbay.uitest.SearchResultTest"/>
  <testcase name="searchDeleteTest" time="1.234" classname="com.sfbay.uitest.SearchResultTest"/>
  <testcase name="logout" time="0.909" classname="com.sfbay.uitest.SearchResultTest"/>
  <testcase name="loginTestNegative" time="1.828" classname="com.sfbay.apitest.SearchSaveAPINegativeTest"/>
  <testcase name="searchTestNegative" time="3.169" classname="com.sfbay.apitest.SearchSaveAPINegativeTest"/>
  <testcase name="searchFilterTestNegative" time="0.003" classname="com.sfbay.apitest.SearchSaveAPINegativeTest"/>
  <testcase name="searchSaveTestNegative" time="6.289" classname="com.sfbay.apitest.SearchSaveAPINegativeTest"/>
  <testcase name="loginNegativeTest1" time="1.342" classname="com.sfbay.uitest.LoginNegativeTest"/>
  <testcase name="loginNegativeTest2" time="1.102" classname="com.sfbay.uitest.LoginNegativeTest"/>
  <testcase name="loginNegativeTest3" time="1.111" classname="com.sfbay.uitest.LoginNegativeTest"/>
</testsuite> <!-- MytestCase -->
